{"H:\\AgileSP\\GET_A_HAND\\models\\issues.js":{"path":"H:\\AgileSP\\GET_A_HAND\\models\\issues.js","s":{"1":1,"2":1,"3":1},"b":{},"f":{},"fnMap":{},"statementMap":{"1":{"start":{"line":1,"column":0},"end":{"line":1,"column":35}},"2":{"start":{"line":5,"column":0},"end":{"line":12,"column":30}},"3":{"start":{"line":14,"column":0},"end":{"line":14,"column":55}}},"branchMap":{}},"H:\\AgileSP\\GET_A_HAND\\models\\user.js":{"path":"H:\\AgileSP\\GET_A_HAND\\models\\user.js","s":{"1":1,"2":1,"3":1},"b":{},"f":{},"fnMap":{},"statementMap":{"1":{"start":{"line":1,"column":0},"end":{"line":1,"column":35}},"2":{"start":{"line":5,"column":0},"end":{"line":9,"column":29}},"3":{"start":{"line":11,"column":0},"end":{"line":11,"column":52}}},"branchMap":{}},"H:\\AgileSP\\GET_A_HAND\\app.js":{"path":"H:\\AgileSP\\GET_A_HAND\\app.js","s":{"1":1,"2":1,"3":1,"4":1,"5":1,"6":1,"7":1,"8":1,"9":1,"10":1,"11":1,"12":1,"13":1,"14":1,"15":0,"16":1,"17":0,"18":0,"19":0,"20":0,"21":0,"22":0,"23":0,"24":1,"25":1,"26":1,"27":1,"28":1,"29":1,"30":1,"31":1,"32":1,"33":1,"34":1,"35":1,"36":1,"37":1,"38":1,"39":1,"40":1,"41":1,"42":0,"43":1,"44":0,"45":0,"46":0,"47":0,"48":1},"b":{"1":[0,1],"2":[0,0],"3":[0,0],"4":[0,0]},"f":{"1":0,"2":0,"3":0},"fnMap":{"1":{"name":"(anonymous_1)","line":25,"loc":{"start":{"line":25,"column":23},"end":{"line":25,"column":48}}},"2":{"name":"(anonymous_2)","line":63,"loc":{"start":{"line":63,"column":8},"end":{"line":63,"column":33}}},"3":{"name":"(anonymous_3)","line":68,"loc":{"start":{"line":68,"column":8},"end":{"line":68,"column":38}}}},"statementMap":{"1":{"start":{"line":1,"column":0},"end":{"line":1,"column":32}},"2":{"start":{"line":3,"column":0},"end":{"line":3,"column":41}},"3":{"start":{"line":4,"column":0},"end":{"line":4,"column":33}},"4":{"start":{"line":5,"column":0},"end":{"line":5,"column":27}},"5":{"start":{"line":6,"column":0},"end":{"line":6,"column":44}},"6":{"start":{"line":7,"column":0},"end":{"line":7,"column":31}},"7":{"start":{"line":9,"column":0},"end":{"line":9,"column":44}},"8":{"start":{"line":10,"column":0},"end":{"line":10,"column":44}},"9":{"start":{"line":12,"column":0},"end":{"line":12,"column":20}},"10":{"start":{"line":13,"column":0},"end":{"line":13,"column":42}},"11":{"start":{"line":14,"column":0},"end":{"line":14,"column":38}},"12":{"start":{"line":17,"column":0},"end":{"line":17,"column":48}},"13":{"start":{"line":18,"column":0},"end":{"line":18,"column":30}},"14":{"start":{"line":20,"column":0},"end":{"line":23,"column":1}},"15":{"start":{"line":21,"column":4},"end":{"line":21,"column":27}},"16":{"start":{"line":25,"column":0},"end":{"line":34,"column":2}},"17":{"start":{"line":26,"column":4},"end":{"line":26,"column":71}},"18":{"start":{"line":27,"column":4},"end":{"line":27,"column":70}},"19":{"start":{"line":28,"column":4},"end":{"line":28,"column":63}},"20":{"start":{"line":29,"column":4},"end":{"line":29,"column":58}},"21":{"start":{"line":30,"column":4},"end":{"line":33,"column":15}},"22":{"start":{"line":31,"column":8},"end":{"line":31,"column":22}},"23":{"start":{"line":33,"column":8},"end":{"line":33,"column":15}},"24":{"start":{"line":36,"column":0},"end":{"line":36,"column":26}},"25":{"start":{"line":37,"column":0},"end":{"line":37,"column":24}},"26":{"start":{"line":38,"column":0},"end":{"line":38,"column":49}},"27":{"start":{"line":39,"column":0},"end":{"line":39,"column":24}},"28":{"start":{"line":40,"column":0},"end":{"line":40,"column":56}},"29":{"start":{"line":42,"column":0},"end":{"line":42,"column":26}},"30":{"start":{"line":43,"column":0},"end":{"line":43,"column":31}},"31":{"start":{"line":45,"column":0},"end":{"line":45,"column":54}},"32":{"start":{"line":46,"column":0},"end":{"line":46,"column":42}},"33":{"start":{"line":47,"column":0},"end":{"line":47,"column":56}},"34":{"start":{"line":50,"column":0},"end":{"line":50,"column":41}},"35":{"start":{"line":51,"column":0},"end":{"line":51,"column":40}},"36":{"start":{"line":52,"column":0},"end":{"line":52,"column":57}},"37":{"start":{"line":53,"column":0},"end":{"line":53,"column":55}},"38":{"start":{"line":56,"column":0},"end":{"line":56,"column":52}},"39":{"start":{"line":58,"column":0},"end":{"line":58,"column":36}},"40":{"start":{"line":60,"column":0},"end":{"line":60,"column":46}},"41":{"start":{"line":63,"column":0},"end":{"line":65,"column":3}},"42":{"start":{"line":64,"column":4},"end":{"line":64,"column":27}},"43":{"start":{"line":68,"column":0},"end":{"line":76,"column":3}},"44":{"start":{"line":70,"column":4},"end":{"line":70,"column":37}},"45":{"start":{"line":71,"column":4},"end":{"line":71,"column":71}},"46":{"start":{"line":74,"column":4},"end":{"line":74,"column":34}},"47":{"start":{"line":75,"column":4},"end":{"line":75,"column":24}},"48":{"start":{"line":78,"column":0},"end":{"line":78,"column":21}}},"branchMap":{"1":{"line":20,"type":"if","locations":[{"start":{"line":20,"column":0},"end":{"line":20,"column":0}},{"start":{"line":20,"column":0},"end":{"line":20,"column":0}}]},"2":{"line":30,"type":"if","locations":[{"start":{"line":30,"column":4},"end":{"line":30,"column":4}},{"start":{"line":30,"column":4},"end":{"line":30,"column":4}}]},"3":{"line":71,"type":"cond-expr","locations":[{"start":{"line":71,"column":62},"end":{"line":71,"column":65}},{"start":{"line":71,"column":68},"end":{"line":71,"column":70}}]},"4":{"line":74,"type":"binary-expr","locations":[{"start":{"line":74,"column":15},"end":{"line":74,"column":25}},{"start":{"line":74,"column":29},"end":{"line":74,"column":32}}]}}},"H:\\AgileSP\\GET_A_HAND\\routes\\index.js":{"path":"H:\\AgileSP\\GET_A_HAND\\routes\\index.js","s":{"1":1,"2":1,"3":1,"4":0,"5":1},"b":{},"f":{"1":0},"fnMap":{"1":{"name":"(anonymous_1)","line":6,"loc":{"start":{"line":6,"column":16},"end":{"line":6,"column":41}}}},"statementMap":{"1":{"start":{"line":1,"column":0},"end":{"line":1,"column":33}},"2":{"start":{"line":2,"column":0},"end":{"line":2,"column":30}},"3":{"start":{"line":6,"column":0},"end":{"line":8,"column":3}},"4":{"start":{"line":7,"column":2},"end":{"line":7,"column":84}},"5":{"start":{"line":10,"column":0},"end":{"line":10,"column":24}}},"branchMap":{}},"H:\\AgileSP\\GET_A_HAND\\routes\\users.js":{"path":"H:\\AgileSP\\GET_A_HAND\\routes\\users.js","s":{"1":1,"2":1,"3":1,"4":0,"5":1},"b":{},"f":{"1":0},"fnMap":{"1":{"name":"(anonymous_1)","line":5,"loc":{"start":{"line":5,"column":16},"end":{"line":5,"column":41}}}},"statementMap":{"1":{"start":{"line":1,"column":0},"end":{"line":1,"column":33}},"2":{"start":{"line":2,"column":0},"end":{"line":2,"column":30}},"3":{"start":{"line":5,"column":0},"end":{"line":7,"column":3}},"4":{"start":{"line":6,"column":2},"end":{"line":6,"column":38}},"5":{"start":{"line":9,"column":0},"end":{"line":9,"column":24}}},"branchMap":{}},"H:\\AgileSP\\GET_A_HAND\\routes\\issues.js":{"path":"H:\\AgileSP\\GET_A_HAND\\routes\\issues.js","s":{"1":1,"2":1,"3":1,"4":1,"5":1,"6":1,"7":1,"8":1,"9":0,"10":1,"11":1,"12":1,"13":0,"14":1,"15":0,"16":1,"17":0,"18":0,"19":0,"20":0,"21":0,"22":1,"23":0,"24":0,"25":0,"26":0,"27":0,"28":0,"29":1,"30":0,"31":0,"32":0,"33":0,"34":0,"35":0,"36":0,"37":1,"38":0,"39":0,"40":0,"41":0,"42":0,"43":0,"44":1,"45":0,"46":0,"47":0,"48":0,"49":0,"50":0,"51":0,"52":0,"53":1,"54":0,"55":0,"56":0,"57":0,"58":0,"59":0,"60":0,"61":0,"62":0,"63":1,"64":0,"65":0,"66":0,"67":0,"68":0,"69":1},"b":{"1":[1,0],"2":[0,0],"3":[0,0],"4":[0,0],"5":[0,0],"6":[0,0],"7":[0,0],"8":[0,0],"9":[0,0]},"f":{"1":0,"2":0,"3":0,"4":0,"5":0,"6":0,"7":0,"8":0,"9":0,"10":0},"fnMap":{"1":{"name":"(anonymous_1)","line":22,"loc":{"start":{"line":22,"column":15},"end":{"line":22,"column":30}}},"2":{"name":"(anonymous_2)","line":26,"loc":{"start":{"line":26,"column":16},"end":{"line":26,"column":28}}},"3":{"name":"(anonymous_3)","line":35,"loc":{"start":{"line":35,"column":16},"end":{"line":35,"column":38}}},"4":{"name":"(anonymous_4)","line":46,"loc":{"start":{"line":46,"column":39},"end":{"line":46,"column":60}}},"5":{"name":"(anonymous_5)","line":64,"loc":{"start":{"line":64,"column":26},"end":{"line":64,"column":47}}},"6":{"name":"(anonymous_6)","line":80,"loc":{"start":{"line":80,"column":46},"end":{"line":80,"column":67}}},"7":{"name":"(anonymous_7)","line":100,"loc":{"start":{"line":100,"column":15},"end":{"line":100,"column":29}}},"8":{"name":"(anonymous_8)","line":118,"loc":{"start":{"line":118,"column":35},"end":{"line":118,"column":54}}},"9":{"name":"(anonymous_9)","line":123,"loc":{"start":{"line":123,"column":23},"end":{"line":123,"column":38}}},"10":{"name":"(anonymous_10)","line":134,"loc":{"start":{"line":134,"column":44},"end":{"line":134,"column":58}}}},"statementMap":{"1":{"start":{"line":1,"column":0},"end":{"line":1,"column":41}},"2":{"start":{"line":2,"column":0},"end":{"line":2,"column":33}},"3":{"start":{"line":3,"column":0},"end":{"line":3,"column":20}},"4":{"start":{"line":4,"column":0},"end":{"line":4,"column":30}},"5":{"start":{"line":5,"column":0},"end":{"line":5,"column":35}},"6":{"start":{"line":6,"column":0},"end":{"line":6,"column":29}},"7":{"start":{"line":9,"column":0},"end":{"line":15,"column":1}},"8":{"start":{"line":10,"column":4},"end":{"line":10,"column":90}},"9":{"start":{"line":14,"column":4},"end":{"line":14,"column":57}},"10":{"start":{"line":17,"column":0},"end":{"line":17,"column":29}},"11":{"start":{"line":20,"column":0},"end":{"line":20,"column":43}},"12":{"start":{"line":22,"column":0},"end":{"line":24,"column":3}},"13":{"start":{"line":23,"column":4},"end":{"line":23,"column":65}},"14":{"start":{"line":26,"column":0},"end":{"line":28,"column":3}},"15":{"start":{"line":27,"column":4},"end":{"line":27,"column":65}},"16":{"start":{"line":31,"column":0},"end":{"line":41,"column":1}},"17":{"start":{"line":33,"column":4},"end":{"line":33,"column":54}},"18":{"start":{"line":35,"column":4},"end":{"line":40,"column":7}},"19":{"start":{"line":36,"column":8},"end":{"line":37,"column":26}},"20":{"start":{"line":37,"column":12},"end":{"line":37,"column":26}},"21":{"start":{"line":39,"column":8},"end":{"line":39,"column":48}},"22":{"start":{"line":43,"column":0},"end":{"line":56,"column":1}},"23":{"start":{"line":44,"column":4},"end":{"line":44,"column":54}},"24":{"start":{"line":46,"column":4},"end":{"line":55,"column":7}},"25":{"start":{"line":47,"column":8},"end":{"line":53,"column":51}},"26":{"start":{"line":48,"column":12},"end":{"line":48,"column":28}},"27":{"start":{"line":49,"column":12},"end":{"line":49,"column":62}},"28":{"start":{"line":53,"column":12},"end":{"line":53,"column":51}},"29":{"start":{"line":58,"column":0},"end":{"line":75,"column":1}},"30":{"start":{"line":60,"column":4},"end":{"line":60,"column":54}},"31":{"start":{"line":62,"column":4},"end":{"line":62,"column":74}},"32":{"start":{"line":64,"column":4},"end":{"line":73,"column":7}},"33":{"start":{"line":65,"column":8},"end":{"line":71,"column":51}},"34":{"start":{"line":66,"column":12},"end":{"line":66,"column":28}},"35":{"start":{"line":67,"column":12},"end":{"line":67,"column":63}},"36":{"start":{"line":71,"column":12},"end":{"line":71,"column":51}},"37":{"start":{"line":77,"column":0},"end":{"line":90,"column":1}},"38":{"start":{"line":78,"column":4},"end":{"line":78,"column":54}},"39":{"start":{"line":80,"column":4},"end":{"line":88,"column":6}},"40":{"start":{"line":81,"column":8},"end":{"line":87,"column":53}},"41":{"start":{"line":82,"column":12},"end":{"line":82,"column":28}},"42":{"start":{"line":83,"column":12},"end":{"line":83,"column":26}},"43":{"start":{"line":87,"column":12},"end":{"line":87,"column":53}},"44":{"start":{"line":91,"column":0},"end":{"line":106,"column":1}},"45":{"start":{"line":93,"column":4},"end":{"line":93,"column":54}},"46":{"start":{"line":95,"column":4},"end":{"line":95,"column":29}},"47":{"start":{"line":97,"column":4},"end":{"line":97,"column":39}},"48":{"start":{"line":98,"column":4},"end":{"line":98,"column":31}},"49":{"start":{"line":100,"column":4},"end":{"line":105,"column":7}},"50":{"start":{"line":101,"column":8},"end":{"line":104,"column":76}},"51":{"start":{"line":102,"column":12},"end":{"line":102,"column":69}},"52":{"start":{"line":104,"column":12},"end":{"line":104,"column":76}},"53":{"start":{"line":108,"column":0},"end":{"line":131,"column":1}},"54":{"start":{"line":117,"column":4},"end":{"line":117,"column":54}},"55":{"start":{"line":118,"column":4},"end":{"line":130,"column":6}},"56":{"start":{"line":119,"column":8},"end":{"line":129,"column":9}},"57":{"start":{"line":120,"column":12},"end":{"line":120,"column":72}},"58":{"start":{"line":122,"column":12},"end":{"line":122,"column":45}},"59":{"start":{"line":123,"column":12},"end":{"line":128,"column":15}},"60":{"start":{"line":124,"column":16},"end":{"line":127,"column":89}},"61":{"start":{"line":125,"column":20},"end":{"line":125,"column":89}},"62":{"start":{"line":127,"column":20},"end":{"line":127,"column":89}},"63":{"start":{"line":133,"column":0},"end":{"line":142,"column":1}},"64":{"start":{"line":134,"column":4},"end":{"line":141,"column":7}},"65":{"start":{"line":135,"column":8},"end":{"line":140,"column":64}},"66":{"start":{"line":136,"column":12},"end":{"line":136,"column":28}},"67":{"start":{"line":137,"column":12},"end":{"line":137,"column":67}},"68":{"start":{"line":140,"column":12},"end":{"line":140,"column":64}},"69":{"start":{"line":144,"column":0},"end":{"line":144,"column":24}}},"branchMap":{"1":{"line":9,"type":"if","locations":[{"start":{"line":9,"column":0},"end":{"line":9,"column":0}},{"start":{"line":9,"column":0},"end":{"line":9,"column":0}}]},"2":{"line":36,"type":"if","locations":[{"start":{"line":36,"column":8},"end":{"line":36,"column":8}},{"start":{"line":36,"column":8},"end":{"line":36,"column":8}}]},"3":{"line":47,"type":"if","locations":[{"start":{"line":47,"column":8},"end":{"line":47,"column":8}},{"start":{"line":47,"column":8},"end":{"line":47,"column":8}}]},"4":{"line":65,"type":"if","locations":[{"start":{"line":65,"column":8},"end":{"line":65,"column":8}},{"start":{"line":65,"column":8},"end":{"line":65,"column":8}}]},"5":{"line":81,"type":"if","locations":[{"start":{"line":81,"column":8},"end":{"line":81,"column":8}},{"start":{"line":81,"column":8},"end":{"line":81,"column":8}}]},"6":{"line":101,"type":"if","locations":[{"start":{"line":101,"column":8},"end":{"line":101,"column":8}},{"start":{"line":101,"column":8},"end":{"line":101,"column":8}}]},"7":{"line":119,"type":"if","locations":[{"start":{"line":119,"column":8},"end":{"line":119,"column":8}},{"start":{"line":119,"column":8},"end":{"line":119,"column":8}}]},"8":{"line":124,"type":"if","locations":[{"start":{"line":124,"column":16},"end":{"line":124,"column":16}},{"start":{"line":124,"column":16},"end":{"line":124,"column":16}}]},"9":{"line":135,"type":"if","locations":[{"start":{"line":135,"column":8},"end":{"line":135,"column":8}},{"start":{"line":135,"column":8},"end":{"line":135,"column":8}}]}}},"H:\\AgileSP\\GET_A_HAND\\routes\\user.js":{"path":"H:\\AgileSP\\GET_A_HAND\\routes\\user.js","s":{"1":1,"2":1,"3":1,"4":1,"5":1,"6":1,"7":1,"8":1,"9":0,"10":1,"11":1,"12":0,"13":1,"14":0,"15":1,"16":0,"17":0,"18":0,"19":0,"20":0,"21":0,"22":0,"23":0,"24":1,"25":0,"26":0,"27":0,"28":0,"29":0,"30":1,"31":0,"32":0,"33":0,"34":0,"35":0,"36":1},"b":{"1":[1,0],"2":[0,0],"3":[0,0],"4":[0,0]},"f":{"1":0,"2":0,"3":0},"fnMap":{"1":{"name":"(anonymous_1)","line":18,"loc":{"start":{"line":18,"column":15},"end":{"line":18,"column":30}}},"2":{"name":"(anonymous_2)","line":22,"loc":{"start":{"line":22,"column":16},"end":{"line":22,"column":28}}},"3":{"name":"(anonymous_3)","line":34,"loc":{"start":{"line":34,"column":14},"end":{"line":34,"column":28}}}},"statementMap":{"1":{"start":{"line":1,"column":0},"end":{"line":1,"column":38}},"2":{"start":{"line":2,"column":0},"end":{"line":2,"column":33}},"3":{"start":{"line":3,"column":0},"end":{"line":3,"column":20}},"4":{"start":{"line":4,"column":0},"end":{"line":4,"column":30}},"5":{"start":{"line":5,"column":0},"end":{"line":5,"column":35}},"6":{"start":{"line":6,"column":0},"end":{"line":6,"column":29}},"7":{"start":{"line":8,"column":0},"end":{"line":14,"column":1}},"8":{"start":{"line":9,"column":4},"end":{"line":9,"column":90}},"9":{"start":{"line":13,"column":4},"end":{"line":13,"column":57}},"10":{"start":{"line":16,"column":0},"end":{"line":16,"column":29}},"11":{"start":{"line":18,"column":0},"end":{"line":20,"column":3}},"12":{"start":{"line":19,"column":4},"end":{"line":19,"column":65}},"13":{"start":{"line":22,"column":0},"end":{"line":24,"column":3}},"14":{"start":{"line":23,"column":4},"end":{"line":23,"column":65}},"15":{"start":{"line":26,"column":0},"end":{"line":40,"column":1}},"16":{"start":{"line":27,"column":4},"end":{"line":27,"column":54}},"17":{"start":{"line":29,"column":4},"end":{"line":29,"column":27}},"18":{"start":{"line":31,"column":4},"end":{"line":31,"column":30}},"19":{"start":{"line":32,"column":4},"end":{"line":32,"column":30}},"20":{"start":{"line":34,"column":4},"end":{"line":39,"column":7}},"21":{"start":{"line":35,"column":8},"end":{"line":38,"column":71}},"22":{"start":{"line":36,"column":12},"end":{"line":36,"column":73}},"23":{"start":{"line":38,"column":12},"end":{"line":38,"column":71}},"24":{"start":{"line":42,"column":0},"end":{"line":51,"column":1}},"25":{"start":{"line":43,"column":4},"end":{"line":43,"column":54}},"26":{"start":{"line":45,"column":4},"end":{"line":50,"column":6}},"27":{"start":{"line":46,"column":8},"end":{"line":48,"column":9}},"28":{"start":{"line":47,"column":12},"end":{"line":47,"column":25}},"29":{"start":{"line":49,"column":8},"end":{"line":49,"column":22}},"30":{"start":{"line":52,"column":0},"end":{"line":60,"column":1}},"31":{"start":{"line":53,"column":4},"end":{"line":53,"column":54}},"32":{"start":{"line":54,"column":4},"end":{"line":59,"column":6}},"33":{"start":{"line":55,"column":8},"end":{"line":57,"column":9}},"34":{"start":{"line":56,"column":12},"end":{"line":56,"column":25}},"35":{"start":{"line":58,"column":8},"end":{"line":58,"column":22}},"36":{"start":{"line":62,"column":0},"end":{"line":62,"column":24}}},"branchMap":{"1":{"line":8,"type":"if","locations":[{"start":{"line":8,"column":0},"end":{"line":8,"column":0}},{"start":{"line":8,"column":0},"end":{"line":8,"column":0}}]},"2":{"line":35,"type":"if","locations":[{"start":{"line":35,"column":8},"end":{"line":35,"column":8}},{"start":{"line":35,"column":8},"end":{"line":35,"column":8}}]},"3":{"line":46,"type":"if","locations":[{"start":{"line":46,"column":8},"end":{"line":46,"column":8}},{"start":{"line":46,"column":8},"end":{"line":46,"column":8}}]},"4":{"line":55,"type":"if","locations":[{"start":{"line":55,"column":8},"end":{"line":55,"column":8}},{"start":{"line":55,"column":8},"end":{"line":55,"column":8}}]}}}}